[debug] [2020-09-02T11:34:20.158Z] ----------------------------------------------------------------------
[debug] [2020-09-02T11:34:20.161Z] Command:       C:\Program Files\nodejs\node.exe C:\Users\User\AppData\Roaming\npm\node_modules\firebase-tools\lib\bin\firebase.js deploy
[debug] [2020-09-02T11:34:20.162Z] CLI Version:   8.6.0
[debug] [2020-09-02T11:34:20.162Z] Platform:      win32
[debug] [2020-09-02T11:34:20.162Z] Node Version:  v10.15.3
[debug] [2020-09-02T11:34:20.164Z] Time:          Wed Sep 02 2020 04:34:20 GMT-0700 (Pacific Daylight Time)
[debug] [2020-09-02T11:34:20.164Z] ----------------------------------------------------------------------
[debug] [2020-09-02T11:34:20.164Z] 
[debug] [2020-09-02T11:34:20.178Z] > command requires scopes: ["email","openid","https://www.googleapis.com/auth/cloudplatformprojects.readonly","https://www.googleapis.com/auth/firebase","https://www.googleapis.com/auth/cloud-platform"]
[debug] [2020-09-02T11:34:20.179Z] > authorizing via signed-in user
[debug] [2020-09-02T11:34:20.180Z] [iam] checking project soccer-podcast for permissions ["firebase.projects.get","firebasehosting.sites.update"]
[debug] [2020-09-02T11:34:20.185Z] >>> HTTP REQUEST POST https://cloudresourcemanager.googleapis.com/v1/projects/soccer-podcast:testIamPermissions  
 {"permissions":["firebase.projects.get","firebasehosting.sites.update"]}
[debug] [2020-09-02T11:34:21.315Z] <<< HTTP RESPONSE 200 {"content-type":"application/json; charset=UTF-8","vary":"X-Origin, Referer, Origin,Accept-Encoding","date":"Wed, 02 Sep 2020 11:34:22 GMT","server":"ESF","cache-control":"private","x-xss-protection":"0","x-frame-options":"SAMEORIGIN","x-content-type-options":"nosniff","server-timing":"gfet4t7; dur=588","alt-svc":"h3-29=\":443\"; ma=2592000,h3-27=\":443\"; ma=2592000,h3-T051=\":443\"; ma=2592000,h3-T050=\":443\"; ma=2592000,h3-Q050=\":443\"; ma=2592000,h3-Q046=\":443\"; ma=2592000,h3-Q043=\":443\"; ma=2592000,quic=\":443\"; ma=2592000; v=\"46,43\"","accept-ranges":"none","transfer-encoding":"chunked"}
[debug] [2020-09-02T11:34:21.328Z] >>> HTTP REQUEST GET https://firebase.googleapis.com/v1beta1/projects/soccer-podcast  
 
[debug] [2020-09-02T11:34:21.947Z] <<< HTTP RESPONSE 200 {"content-type":"application/json; charset=UTF-8","vary":"X-Origin, Referer, Origin,Accept-Encoding","date":"Wed, 02 Sep 2020 11:34:22 GMT","server":"ESF","cache-control":"private","x-xss-protection":"0","x-frame-options":"SAMEORIGIN","x-content-type-options":"nosniff","alt-svc":"h3-29=\":443\"; ma=2592000,h3-27=\":443\"; ma=2592000,h3-T051=\":443\"; ma=2592000,h3-T050=\":443\"; ma=2592000,h3-Q050=\":443\"; ma=2592000,h3-Q046=\":443\"; ma=2592000,h3-Q043=\":443\"; ma=2592000,quic=\":443\"; ma=2592000; v=\"46,43\"","accept-ranges":"none","transfer-encoding":"chunked"}
[info] 
[info] === Deploying to 'soccer-podcast'...
[info] 
[info] i  deploying hosting 
[debug] [2020-09-02T11:34:21.967Z] >>> HTTP REQUEST POST https://firebasehosting.googleapis.com/v1beta1/sites/soccer-podcast/versions  
 {"config":{"rewrites":[{"glob":"**","path":"/index.html"}]},"labels":{"deployment-tool":"cli-firebase"}}
[debug] [2020-09-02T11:34:24.371Z] <<< HTTP RESPONSE 200 {"content-type":"application/json; charset=UTF-8","vary":"X-Origin, Referer, Origin,Accept-Encoding","date":"Wed, 02 Sep 2020 11:34:25 GMT","server":"ESF","cache-control":"private","x-xss-protection":"0","x-frame-options":"SAMEORIGIN","x-content-type-options":"nosniff","alt-svc":"h3-29=\":443\"; ma=2592000,h3-27=\":443\"; ma=2592000,h3-T051=\":443\"; ma=2592000,h3-T050=\":443\"; ma=2592000,h3-Q050=\":443\"; ma=2592000,h3-Q046=\":443\"; ma=2592000,h3-Q043=\":443\"; ma=2592000,quic=\":443\"; ma=2592000; v=\"46,43\"","accept-ranges":"none","transfer-encoding":"chunked"}
[info] i  hosting[soccer-podcast]: beginning deploy... 
[info] i  hosting[soccer-podcast]: found 30 files in dist/soccerPodcast2 
[debug] [2020-09-02T11:34:24.448Z] [hosting] hash cache [ZGlzdFxzb2NjZXJQb2RjYXN0Mg] not populated
[debug] [2020-09-02T11:34:29.364Z] [hosting] hash cache [ZGlzdFxzb2NjZXJQb2RjYXN0Mg] stored for 30 files
[debug] [2020-09-02T11:34:29.367Z] [hosting][hash queue][FINAL] {"max":4877,"min":54,"avg":926.7333333333333,"active":0,"complete":30,"success":30,"errored":0,"retried":0,"total":30,"elapsed":4918}
[debug] [2020-09-02T11:34:29.368Z] >>> HTTP REQUEST POST https://firebasehosting.googleapis.com/v1beta1/sites/soccer-podcast/versions/c8ef9dcc3d080e8b:populateFiles  
 <request body omitted>
[debug] [2020-09-02T11:34:30.623Z] <<< HTTP RESPONSE 200 {"content-type":"application/json; charset=UTF-8","vary":"X-Origin, Referer, Origin,Accept-Encoding","date":"Wed, 02 Sep 2020 11:34:31 GMT","server":"ESF","cache-control":"private","x-xss-protection":"0","x-frame-options":"SAMEORIGIN","x-content-type-options":"nosniff","alt-svc":"h3-29=\":443\"; ma=2592000,h3-27=\":443\"; ma=2592000,h3-T051=\":443\"; ma=2592000,h3-T050=\":443\"; ma=2592000,h3-Q050=\":443\"; ma=2592000,h3-Q046=\":443\"; ma=2592000,h3-Q043=\":443\"; ma=2592000,quic=\":443\"; ma=2592000; v=\"46,43\"","accept-ranges":"none","transfer-encoding":"chunked"}
[debug] [2020-09-02T11:34:30.651Z] [hosting][populate queue][FINAL] {"max":1272,"min":1272,"avg":1272,"active":0,"complete":1,"success":1,"errored":0,"retried":0,"total":1,"elapsed":1296}
[debug] [2020-09-02T11:34:30.652Z] [hosting] uploads queued: 26
